#############################################################
##                     phenix.xtriage                      ##
##                                                         ##
##     P.H. Zwart, R.W. Grosse-Kunstleve & P.D. Adams      ##
##                                                         ##
#############################################################
#phil __OFF__

Date 2010-07-13 Time 14:50:55 PDT -0700 (1279057855.34 s)


##-------------------------------------------##
## WARNING:                                  ##
## Number of residues unspecified            ##
##-------------------------------------------##


Effective parameters: 
#phil __ON__
scaling {
  input {
    asu_contents {
      n_residues = None
      n_bases = None
      n_copies_per_asu = None
    }
    xray_data {
      file_name = "point1.mtz"
      obs_labels = None
      calc_labels = None
      unit_cell = 111.2770004 192.7373962 517.0629883 90 90 90
      space_group = "C 2 2 2"
      high_resolution = None
      low_resolution = None
      reference {
        data {
          file_name = None
          labels = None
          unit_cell = None
          space_group = None
        }
        structure {
          file_name = None
        }
      }
    }
    parameters {
      reporting {
        verbose = 1
        log = "logfile.log"
        ccp4_style_graphs = True
      }
      misc_twin_parameters {
        missing_symmetry {
          sigma_inflation = 1.25
        }
        twinning_with_ncs {
          perform_analyses = False
          n_bins = 7
        }
        twin_test_cuts {
          low_resolution = 10
          high_resolution = None
          isigi_cut = 3
          completeness_cut = 0.85
        }
      }
    }
    optional {
      hklout = None
      hklout_type = mtz sca *mtz_or_sca
      label_extension = "massaged"
      aniso {
        action = *remove_aniso None
        final_b = *eigen_min eigen_mean user_b_iso
        b_iso = None
      }
      outlier {
        action = *extreme basic beamstop None
        parameters {
          basic_wilson {
            level = 1e-06
          }
          extreme_wilson {
            level = 0.01
          }
          beamstop {
            level = 0.001
            d_min = 10
          }
        }
      }
      symmetry {
        action = detwin twin *None
        twinning_parameters {
          twin_law = None
          fraction = None
        }
      }
    }
  }
  gui {
    result_file = None
  }
}
#phil __END__


Symmetry, cell and reflection file content summary

Miller array info: point1.mtz:I,SIGI,merged
Observation type: xray.amplitude
Type of data: double, size=164425
Type of sigmas: double, size=164425
Number of Miller indices: 164425
Anomalous flag: False
Unit cell: (111.277, 192.737, 517.063, 90, 90, 90)
Space group: C 2 2 2 (No. 21)
Systematic absences: 0
Centric reflections: 9028
Resolution range: 29.7774 2.31113
Completeness in resolution range: 0.680345
Completeness with d_max=infinity: 0.679914

##----------------------------------------------------##
##                    Basic statistics                ##
##----------------------------------------------------##


Matthews coefficient and Solvent content statistics

Number of residues unknown, assuming 50% solvent content

----------------------------------------------------------------
|              Best guess : 5072  residues in the asu          |
----------------------------------------------------------------
Completeness and data strength analyses

  The following table lists the completeness in various resolution
  ranges, after applying a I/sigI cut. Miller indices for which
  individual I/sigI values are larger than the value specified in
  the top row of the table, are retained, while other intensities
  are discarded. The resulting completeness profiles are an indication
  of the strength of the data.


----------------------------------------------------------------------------------------
| Res. Range   | I/sigI>1  | I/sigI>2  | I/sigI>3  | I/sigI>5  | I/sigI>10 | I/sigI>15 |
----------------------------------------------------------------------------------------
| 29.78 - 5.69 | 49.2%     | 1.0%      | 0.0%      | 0.0%      | 0.0%      | 0.0%      |
|  5.69 - 4.52 | 48.2%     | 0.9%      | 0.0%      | 0.0%      | 0.0%      | 0.0%      |
|  4.52 - 3.95 | 47.5%     | 0.8%      | 0.0%      | 0.0%      | 0.0%      | 0.0%      |
|  3.95 - 3.59 | 48.8%     | 0.8%      | 0.0%      | 0.0%      | 0.0%      | 0.0%      |
|  3.59 - 3.33 | 49.5%     | 0.8%      | 0.0%      | 0.0%      | 0.0%      | 0.0%      |
|  3.33 - 3.14 | 48.0%     | 0.7%      | 0.0%      | 0.0%      | 0.0%      | 0.0%      |
|  3.14 - 2.98 | 43.2%     | 0.4%      | 0.0%      | 0.0%      | 0.0%      | 0.0%      |
|  2.98 - 2.85 | 36.3%     | 0.4%      | 0.0%      | 0.0%      | 0.0%      | 0.0%      |
|  2.85 - 2.74 | 31.0%     | 0.2%      | 0.0%      | 0.0%      | 0.0%      | 0.0%      |
|  2.74 - 2.65 | 26.2%     | 0.2%      | 0.0%      | 0.0%      | 0.0%      | 0.0%      |
|  2.65 - 2.56 | 23.3%     | 0.1%      | 0.0%      | 0.0%      | 0.0%      | 0.0%      |
|  2.56 - 2.49 | 20.0%     | 0.1%      | 0.0%      | 0.0%      | 0.0%      | 0.0%      |
|  2.49 - 2.42 | 16.6%     | 0.0%      | 0.0%      | 0.0%      | 0.0%      | 0.0%      |
|  2.42 - 2.36 | 12.0%     | 0.0%      | 0.0%      | 0.0%      | 0.0%      | 0.0%      |
----------------------------------------------------------------------------------------

  The completeness of data for which I/sig(I)>3.00, exceeds  85%
  for resolution ranges lower than 4.00A.
  As we do not want to throw away too much data, the resolution for
  analyzing the intensity statistics will be limited to 3.50A.



Maximum likelihood isotropic Wilson scaling 
ML estimate of overall B value of None:
-40.35 A**(-2)
Estimated -log of scale factor of None:
-6.40


Maximum likelihood anisotropic Wilson scaling 
ML estimate of overall B_cart value of None:
-39.42, -0.00, -0.00
      -47.51, -0.00
             -36.22

Equivalent representation as U_cif: 
-0.50, -0.00, -0.00
       -0.60,  0.00
              -0.46

Eigen analyses of B-cart:
                 Value   Vector
Eigenvector 1 : -36.216  (-0.00, -0.00,  1.00)
Eigenvector 2 : -39.417  ( 1.00, -0.00,  0.00)
Eigenvector 3 : -47.510  ( 0.00,  1.00,  0.00)

ML estimate of  -log of scale factor of None:
-6.42
Correcting for anisotropy in the data

Some basic intensity statistics follow.



Low resolution completeness analyses 

 The following table shows the completeness
 of the data to 5 Angstrom.
unused:         - 29.7779 [   0/153 ] 0.000
bin  1: 29.7779 - 10.6237 [2596/2596] 1.000
bin  2: 10.6237 -  8.4969 [2475/2475] 1.000
bin  3:  8.4969 -  7.4420 [2451/2451] 1.000
bin  4:  7.4420 -  6.7703 [2499/2499] 1.000
bin  5:  6.7703 -  6.2899 [2421/2421] 1.000
bin  6:  6.2899 -  5.9221 [2417/2418] 1.000
bin  7:  5.9221 -  5.6276 [2411/2411] 1.000
bin  8:  5.6276 -  5.3841 [2434/2434] 1.000
bin  9:  5.3841 -  5.1780 [2418/2418] 1.000
bin 10:  5.1780 -  5.0002 [2379/2379] 1.000
unused:  5.0002 -         [   0/0   ]



Mean intensity analyses 
 Analyses of the mean intensity. 
 Inspired by: Morris et al. (2004). J. Synch. Rad.11, 56-59.
 The following resolution shells are worrisome: 
------------------------------------------------
| d_spacing | z_score | compl. | <Iobs>/<Iexp> |
------------------------------------------------
|    7.453  |  13.13  |   1.00 |     1.746     |
|    6.742  |  25.08  |   1.00 |     2.365     |
|    6.201  |  25.06  |   1.00 |     2.316     |
|    5.773  |   8.08  |   1.00 |     1.331     |
|    5.130  |   6.44  |   1.00 |     0.795     |
|    4.879  |  11.96  |   1.00 |     0.618     |
|    4.662  |  14.84  |   1.00 |     0.517     |
|    4.472  |  15.88  |   1.00 |     0.500     |
|    4.303  |  17.92  |   1.00 |     0.491     |
|    4.152  |  21.74  |   1.00 |     0.468     |
|    4.016  |  19.20  |   1.00 |     0.577     |
|    3.892  |  11.09  |   1.00 |     0.756     |
|    3.780  |   6.41  |   1.00 |     1.163     |
|    3.676  |  16.57  |   1.00 |     1.477     |
|    3.492  |  15.89  |   0.99 |     1.438     |
|    3.410  |  14.51  |   0.99 |     1.377     |
|    3.333  |  15.10  |   0.97 |     1.377     |
|    3.262  |  22.06  |   0.95 |     1.604     |
|    3.194  |  28.51  |   0.92 |     1.878     |
|    3.131  |  25.27  |   0.89 |     1.755     |
|    3.071  |  20.02  |   0.86 |     1.561     |
|    3.015  |  21.67  |   0.81 |     1.634     |
|    2.962  |  20.01  |   0.77 |     1.562     |
|    2.911  |  16.26  |   0.72 |     1.422     |
|    2.863  |  21.21  |   0.68 |     1.596     |
|    2.817  |  14.35  |   0.65 |     1.355     |
|    2.773  |  11.92  |   0.62 |     1.290     |
|    2.732  |  22.56  |   0.58 |     1.705     |
|    2.692  |  19.83  |   0.54 |     1.614     |
|    2.654  |   8.54  |   0.52 |     1.225     |
|    2.617  |   7.83  |   0.48 |     1.209     |
|    2.484  |  17.79  |   0.38 |     1.601     |
|    2.454  |   7.55  |   0.33 |     0.838     |
|    2.425  |  10.48  |   0.29 |     0.772     |
|    2.397  |   6.30  |   0.24 |     0.844     |
|    2.370  |   9.14  |   0.20 |     0.770     |
|    2.344  |  15.00  |   0.08 |     0.576     |
------------------------------------------------

 Possible reasons for the presence of the reported
 unexpected low or elevated mean intensity in
 a given resolution bin are :
 - missing overloaded or weak reflections
 - suboptimal data processing
 - satellite (ice) crystals
 - NCS
 - translational pseudo symmetry (detected elsewhere)
 - outliers (detected elsewhere)
 - ice rings (detected elsewhere)
 - other problems
 Note that the presence of abnormalities
 in a certain region of reciprocal space might
 confuse the data validation algorithm throughout
 a large region of reciprocal space, even though
 the data are acceptable in those areas.



Possible outliers 
  Inspired by: Read, Acta Cryst. (1999). D55, 1759-1764

 Acentric reflections:

-----------------------------------------------------------------
| d_space |      H     K     L |  |E|  | p(wilson) | p(extreme) |
-----------------------------------------------------------------
|   3.057 |      1,   63,    5 |  4.00 |  1.17e-07 |   1.78e-02 |
|   3.033 |      1,   63,   22 |  4.00 |  1.11e-07 |   1.69e-02 |
|   2.856 |      1,   67,   21 | 21.03 |  0.00e+00 |   0.00e+00 |
|   2.841 |      1,   67,   28 |  4.30 |  9.28e-09 |   1.42e-03 |
|   2.685 |      1,   71,   28 |  8.43 |  0.00e+00 |   0.00e+00 |
|   2.631 |      1,   73,   16 |  3.94 |  1.80e-07 |   2.73e-02 |
|   2.701 |      2,   18,  185 |  3.83 |  4.29e-07 |   6.38e-02 |
|   3.519 |      2,   44,   87 |  3.97 |  1.40e-07 |   2.13e-02 |
|   3.442 |      2,   50,   67 |  4.32 |  7.63e-09 |   1.17e-03 |
|   3.473 |      2,   54,   33 |  4.67 |  3.39e-10 |   5.21e-05 |
|   3.003 |      2,   64,    9 |  4.49 |  1.69e-09 |   2.59e-04 |
|   2.912 |      2,   66,    9 |  4.26 |  1.30e-08 |   2.00e-03 |
|   2.912 |      2,   66,   10 |  4.36 |  5.75e-09 |   8.84e-04 |
|   2.831 |      2,   68,    1 |  4.74 |  1.79e-10 |   2.75e-05 |
|   2.810 |      2,   68,   22 |  4.08 |  5.82e-08 |   8.91e-03 |
|   2.739 |      2,   70,   17 |  3.81 |  4.81e-07 |   7.13e-02 |
|   3.798 |      3,   41,   79 |  3.87 |  3.11e-07 |   4.67e-02 |
|   3.448 |      3,   41,  101 |  4.21 |  2.06e-08 |   3.17e-03 |
|   3.594 |      3,   45,   77 |  3.99 |  1.22e-07 |   1.86e-02 |
|   3.448 |      3,   47,   80 |  4.06 |  6.98e-08 |   1.07e-02 |
|   3.457 |      3,   55,   20 |  4.06 |  6.99e-08 |   1.07e-02 |
|   3.454 |      3,   55,   21 |  3.93 |  1.91e-07 |   2.90e-02 |
|   3.034 |      3,   63,   17 |  4.40 |  3.86e-09 |   5.92e-04 |
|   2.948 |      3,   65,   13 |  4.37 |  5.22e-09 |   8.02e-04 |
|   2.707 |      3,   71,    4 |  3.92 |  2.15e-07 |   3.26e-02 |
|   2.686 |      3,   71,   24 | 18.74 |  0.00e+00 |   0.00e+00 |
|   2.666 |      4,   26,  180 |  7.19 |  0.00e+00 |   0.00e+00 |
|   3.540 |      4,   44,   84 |  4.20 |  2.09e-08 |   3.21e-03 |
|   3.470 |      4,   44,   89 |  4.20 |  2.26e-08 |   3.47e-03 |
|   3.327 |      4,   48,   85 |  4.01 |  1.04e-07 |   1.58e-02 |
|   3.191 |      4,   60,    2 |  4.77 |  1.36e-10 |   2.09e-05 |
|   3.162 |      4,   60,   22 |  4.82 |  7.96e-11 |   1.22e-05 |
|   3.089 |      4,   62,    2 |  4.14 |  3.73e-08 |   5.72e-03 |
|   3.072 |      4,   62,   18 |  4.07 |  6.37e-08 |   9.74e-03 |
|   2.988 |      4,   64,   11 |  4.12 |  4.23e-08 |   6.47e-03 |
|   2.972 |      4,   64,   21 |  3.94 |  1.81e-07 |   2.75e-02 |
|   2.981 |      5,   35,  144 |  3.88 |  2.84e-07 |   4.27e-02 |
|   3.446 |      5,   39,  105 | 12.78 |  0.00e+00 |   0.00e+00 |
|   3.430 |      5,   39,  106 |  5.07 |  7.17e-12 |   1.10e-06 |
|   3.851 |      5,   45,   54 |  4.64 |  4.49e-10 |   6.90e-05 |
|   3.891 |      5,   47,   35 |  7.46 |  0.00e+00 |   0.00e+00 |
|   3.717 |      5,   47,   54 |  4.08 |  6.13e-08 |   9.38e-03 |
|   3.429 |      5,   51,   59 |  5.04 |  9.10e-12 |   1.40e-06 |
|   3.223 |      5,   59,   12 |  3.78 |  6.32e-07 |   9.25e-02 |
|   3.190 |      5,   59,   26 |  4.43 |  3.08e-09 |   4.73e-04 |
|   3.115 |      5,   61,   15 |  5.18 |  2.24e-12 |   3.44e-07 |
|   3.090 |      5,   61,   26 |  4.73 |  1.92e-10 |   2.95e-05 |
|   3.012 |      5,   63,   19 |  5.12 |  4.00e-12 |   6.15e-07 |
|   3.010 |      5,   63,   20 |  4.94 |  2.55e-11 |   3.92e-06 |
|   2.994 |      5,   63,   27 |  4.61 |  6.06e-10 |   9.32e-05 |
|   2.770 |      5,   69,    6 |  4.47 |  2.06e-09 |   3.16e-04 |
|   2.389 |      6,   26,  203 |  4.96 |  2.10e-11 |   3.22e-06 |
|   3.044 |      6,   38,  133 |  3.92 |  2.14e-07 |   3.23e-02 |
|   3.821 |      6,   44,   60 |  4.95 |  2.34e-11 |   3.60e-06 |
|   3.726 |      6,   46,   57 |  4.09 |  5.27e-08 |   8.06e-03 |
|   3.670 |      6,   46,   62 |  4.29 |  1.02e-08 |   1.57e-03 |
|   3.920 |      6,   48,    6 |  4.75 |  1.56e-10 |   2.40e-05 |
|   3.919 |      6,   48,    7 |  4.70 |  2.52e-10 |   3.87e-05 |
|   3.466 |      6,   50,   59 |  4.59 |  6.94e-10 |   1.07e-04 |
|   3.448 |      6,   50,   61 |  3.95 |  1.73e-07 |   2.62e-02 |
|   3.511 |      6,   52,   38 |  4.69 |  2.73e-10 |   4.20e-05 |
|   3.142 |      6,   60,   20 |  5.66 |  1.15e-14 |   1.77e-09 |
|   2.937 |      6,   64,   27 |  4.18 |  2.60e-08 |   3.99e-03 |
|   3.452 |      7,   47,   74 | 10.31 |  0.00e+00 |   0.00e+00 |
|   3.406 |      7,   47,   78 |  6.82 |  0.00e+00 |   0.00e+00 |
|   3.383 |      7,   47,   80 |  3.90 |  2.56e-07 |   3.86e-02 |
|   3.348 |      7,   47,   83 |  6.99 |  0.00e+00 |   0.00e+00 |
|   3.337 |      7,   51,   65 |  5.45 |  1.33e-13 |   2.04e-08 |
|   3.102 |      7,   59,   41 |  4.19 |  2.42e-08 |   3.71e-03 |
|   3.075 |      7,   61,   21 |  4.55 |  9.99e-10 |   1.53e-04 |
|   3.065 |      7,   61,   25 |  4.38 |  4.61e-09 |   7.08e-04 |
|   3.004 |      7,   63,    3 |  5.07 |  7.16e-12 |   1.10e-06 |
|   2.984 |      7,   63,   20 |  4.77 |  1.28e-10 |   1.96e-05 |
|   2.697 |      7,   69,   38 |  6.52 |  0.00e+00 |   0.00e+00 |
|   2.451 |      8,    6,  207 |  4.20 |  2.24e-08 |   3.44e-03 |
|   3.680 |      8,   46,   56 |  3.78 |  6.14e-07 |   9.00e-02 |
|   3.420 |      8,   46,   79 |  5.04 |  9.25e-12 |   1.42e-06 |
|   3.323 |      8,   48,   79 |  4.56 |  8.95e-10 |   1.38e-04 |
|   3.291 |      8,   48,   82 |  4.53 |  1.19e-09 |   1.83e-04 |
|   3.231 |      8,   52,   69 |  4.10 |  5.08e-08 |   7.77e-03 |
|   3.100 |      8,   60,   23 |  3.81 |  4.82e-07 |   7.13e-02 |
|   3.038 |      8,   60,   41 |  4.00 |  1.08e-07 |   1.65e-02 |
|   3.443 |      9,   47,   70 |  5.55 |  4.40e-14 |   6.76e-09 |
|   3.524 |      9,   49,   50 |  4.10 |  5.11e-08 |   7.81e-03 |
|   3.482 |      9,   49,   55 |  5.42 |  1.71e-13 |   2.63e-08 |
|   3.455 |      9,   49,   58 | 19.50 |  0.00e+00 |   0.00e+00 |
|   3.323 |      9,   49,   72 |  4.43 |  2.92e-09 |   4.49e-04 |
|   3.313 |      9,   49,   73 |  3.79 |  5.76e-07 |   8.47e-02 |
|   3.521 |     10,   44,   74 |  3.89 |  2.63e-07 |   3.97e-02 |
|   3.469 |     10,   48,   59 |  4.79 |  1.12e-10 |   1.72e-05 |
|   3.312 |     10,   48,   75 |  7.65 |  0.00e+00 |   0.00e+00 |
|   3.282 |     10,   48,   78 |  4.90 |  3.57e-11 |   5.49e-06 |
|   3.180 |     10,   58,    8 |  5.01 |  1.29e-11 |   1.98e-06 |
|   3.178 |     10,   58,   10 |  4.33 |  7.30e-09 |   1.12e-03 |
|   2.668 |     11,   29,  170 |  3.97 |  1.38e-07 |   2.11e-02 |
|   3.390 |     11,   51,   44 |  3.78 |  6.43e-07 |   9.40e-02 |
|   3.191 |     11,   57,   16 |  7.93 |  0.00e+00 |   0.00e+00 |
|   2.482 |     11,   71,   67 | 33.60 |  0.00e+00 |   0.00e+00 |
|   3.449 |     12,   50,   37 |  6.04 |  1.11e-16 |   1.71e-11 |
|   3.232 |     12,   50,   67 | 22.44 |  0.00e+00 |   0.00e+00 |
|   3.168 |     12,   56,   31 |  5.86 |  1.22e-15 |   1.88e-10 |
|   2.368 |     13,    7,  209 |  4.34 |  6.33e-09 |   9.72e-04 |
|   2.678 |     14,   24,  170 |  3.90 |  2.49e-07 |   3.75e-02 |
|   3.518 |     14,   32,  100 |  4.02 |  9.32e-08 |   1.42e-02 |
|   2.673 |     14,   56,  103 |  4.13 |  3.82e-08 |   5.86e-03 |
|   2.518 |     15,    3,  193 |  4.06 |  7.01e-08 |   1.07e-02 |
|   2.447 |     15,    5,  199 |  3.80 |  5.17e-07 |   7.63e-02 |
|   2.374 |     16,   10,  203 |  8.59 |  0.00e+00 |   0.00e+00 |
|   2.714 |     16,   58,   81 |  6.56 |  0.00e+00 |   0.00e+00 |
|   2.682 |     16,   66,   17 |  4.72 |  2.11e-10 |   3.25e-05 |
|   2.384 |     16,   70,   79 |  8.50 |  0.00e+00 |   0.00e+00 |
|   2.380 |     16,   70,   80 |  9.02 |  0.00e+00 |   0.00e+00 |
|   3.034 |     17,    1,  151 |  3.78 |  6.43e-07 |   9.40e-02 |
|   2.667 |     17,   29,  159 |  8.04 |  0.00e+00 |   0.00e+00 |
|   2.706 |     17,   57,   83 |  3.83 |  4.33e-07 |   6.43e-02 |
|   2.630 |     17,   61,   75 | 14.68 |  0.00e+00 |   0.00e+00 |
|   2.625 |     17,   61,   76 |  4.77 |  1.28e-10 |   1.96e-05 |
|   2.364 |     19,    3,  200 |  4.97 |  1.83e-11 |   2.82e-06 |
|   2.623 |     19,   25,  163 |  5.45 |  1.20e-13 |   1.85e-08 |
|   2.612 |     19,   25,  164 |  9.61 |  0.00e+00 |   0.00e+00 |
|   3.261 |     20,    4,  128 |  4.38 |  4.83e-09 |   7.41e-04 |
|   2.553 |     20,   24,  168 |  3.77 |  6.50e-07 |   9.51e-02 |
|   2.993 |     20,   36,  109 |  4.68 |  2.96e-10 |   4.55e-05 |
|   2.726 |     20,   42,  121 |  4.74 |  1.77e-10 |   2.72e-05 |
|   2.398 |     21,   11,  190 | 11.18 |  0.00e+00 |   0.00e+00 |
|   2.744 |     21,   21,  151 |  6.93 |  0.00e+00 |   0.00e+00 |
|   3.001 |     21,   33,  111 |  5.36 |  3.24e-13 |   4.97e-08 |
|   3.112 |     22,    6,  130 |  4.58 |  7.42e-10 |   1.14e-04 |
|   3.016 |     22,   10,  135 |  4.29 |  1.03e-08 |   1.59e-03 |
|   2.708 |     22,   10,  159 |  3.86 |  3.28e-07 |   4.91e-02 |
|   2.564 |     22,   18,  167 |  4.38 |  4.64e-09 |   7.12e-04 |
|   2.442 |     22,   18,  179 |  4.16 |  3.03e-08 |   4.64e-03 |
|   2.685 |     22,   40,  123 |  4.67 |  3.26e-10 |   5.02e-05 |
|   2.727 |     22,   58,   36 |  7.75 |  0.00e+00 |   0.00e+00 |
|   3.293 |     23,    1,  115 |  5.09 |  5.68e-12 |   8.74e-07 |
|   3.285 |     23,    9,  113 |  4.02 |  9.84e-08 |   1.50e-02 |
|   3.106 |     23,   19,  117 |  4.20 |  2.15e-08 |   3.29e-03 |
|   2.598 |     23,   19,  160 |  4.66 |  3.76e-10 |   5.78e-05 |
|   3.459 |     23,   21,   88 |  3.88 |  2.98e-07 |   4.47e-02 |
|   3.257 |     23,   21,  103 |  4.31 |  8.93e-09 |   1.37e-03 |
|   2.728 |     23,   37,  121 |  4.06 |  7.18e-08 |   1.10e-02 |
|   2.514 |     23,   63,   48 |  6.67 |  0.00e+00 |   0.00e+00 |
|   3.402 |     24,    6,  102 |  3.79 |  5.63e-07 |   8.29e-02 |
|   3.313 |     24,    6,  108 |  5.95 |  4.44e-16 |   6.82e-11 |
|   3.325 |     24,   18,   97 |  4.32 |  7.90e-09 |   1.21e-03 |
|   2.928 |     24,   20,  126 |  3.95 |  1.74e-07 |   2.64e-02 |
|   3.498 |     24,   22,   77 |  5.90 |  7.77e-16 |   1.19e-10 |
|   2.723 |     24,   38,  115 |  3.90 |  2.39e-07 |   3.60e-02 |
|   2.724 |     25,   13,  146 |  9.07 |  0.00e+00 |   0.00e+00 |
|   3.178 |     25,   21,   99 |  3.90 |  2.39e-07 |   3.60e-02 |
|   3.347 |     25,   23,   81 |  6.71 |  0.00e+00 |   0.00e+00 |
|   2.732 |     25,   45,   88 |  5.03 |  1.01e-11 |   1.55e-06 |
|   2.537 |     25,   45,  116 |  6.06 |  1.11e-16 |   1.71e-11 |
|   3.525 |     26,    2,   83 |  5.66 |  1.18e-14 |   1.81e-09 |
|   3.169 |     26,   14,  103 |  4.72 |  2.17e-10 |   3.33e-05 |
|   3.133 |     26,   14,  106 |  3.89 |  2.59e-07 |   3.90e-02 |
|   3.121 |     26,   14,  107 |  3.89 |  2.62e-07 |   3.95e-02 |
|   3.729 |     27,    1,   59 |  5.26 |  9.92e-13 |   1.52e-07 |
|   3.689 |     27,    3,   62 |  4.05 |  7.44e-08 |   1.14e-02 |
|   2.723 |     27,   17,  135 |  6.47 |  0.00e+00 |   0.00e+00 |
|   3.446 |     27,   21,   60 |  4.70 |  2.66e-10 |   4.08e-05 |
|   3.140 |     27,   29,   73 |  4.80 |  1.03e-10 |   1.58e-05 |
|   3.208 |     27,   33,   49 |  5.26 |  9.44e-13 |   1.45e-07 |
|   2.728 |     27,   41,   90 |  4.95 |  2.24e-11 |   3.44e-06 |
|   3.877 |     28,    8,   20 |  3.92 |  2.08e-07 |   3.14e-02 |
|   3.834 |     28,   12,   15 |  3.77 |  6.67e-07 |   9.74e-02 |
|   3.125 |     28,   12,   97 |  4.02 |  9.77e-08 |   1.49e-02 |
|   3.457 |     28,   16,   60 |  4.55 |  1.06e-09 |   1.63e-04 |
|   3.390 |     28,   16,   67 |  4.27 |  1.24e-08 |   1.90e-03 |
|   3.724 |     28,   18,    4 |  4.36 |  5.64e-09 |   8.66e-04 |
|   3.046 |     28,   28,   79 |  3.86 |  3.34e-07 |   5.01e-02 |
|   3.110 |     28,   34,   49 |  4.11 |  4.59e-08 |   7.03e-03 |
|   2.444 |     28,   42,  123 |  4.95 |  2.31e-11 |   3.55e-06 |
|   2.727 |     28,   50,   32 | 13.34 |  0.00e+00 |   0.00e+00 |
|   3.543 |     29,    1,   56 |  3.89 |  2.59e-07 |   3.91e-02 |
|   3.103 |     29,    1,   98 |  3.91 |  2.23e-07 |   3.37e-02 |
|   3.690 |     29,    5,   36 |  5.92 |  5.55e-16 |   8.53e-11 |
|   3.743 |     29,    7,   24 |  4.86 |  5.76e-11 |   8.86e-06 |
|   3.722 |     29,    7,   28 |  3.81 |  4.92e-07 |   7.28e-02 |
|   3.717 |     29,    7,   29 |  4.46 |  2.36e-09 |   3.62e-04 |
|   3.748 |     29,    9,   17 | 12.12 |  0.00e+00 |   0.00e+00 |
|   3.745 |     29,    9,   18 | 37.18 |  0.00e+00 |   0.00e+00 |
|   3.684 |     29,   13,   18 |  4.37 |  5.21e-09 |   8.01e-04 |
|   3.681 |     29,   13,   19 |  3.94 |  1.79e-07 |   2.71e-02 |
|   3.677 |     29,   13,   20 |  4.62 |  5.44e-10 |   8.37e-05 |
|   3.673 |     29,   13,   21 |  4.62 |  5.31e-10 |   8.15e-05 |
|   3.669 |     29,   15,    9 |  4.32 |  7.99e-09 |   1.23e-03 |
|   3.315 |     29,   17,   64 |  4.02 |  9.64e-08 |   1.47e-02 |
|   3.329 |     29,   19,   58 |  5.16 |  2.76e-12 |   4.23e-07 |
|   3.075 |     29,   25,   75 |  4.02 |  9.66e-08 |   1.47e-02 |
|   2.983 |     29,   25,   86 |  4.59 |  6.84e-10 |   1.05e-04 |
|   3.011 |     29,   27,   78 |  6.29 |  0.00e+00 |   0.00e+00 |
|   2.963 |     29,   29,   79 |  4.08 |  5.95e-08 |   9.11e-03 |
|   2.940 |     29,   29,   82 |  5.82 |  1.89e-15 |   2.90e-10 |
|   2.892 |     29,   31,   83 |  6.20 |  0.00e+00 |   0.00e+00 |
|   3.698 |     30,    4,    1 |  4.39 |  4.19e-09 |   6.43e-04 |
|   3.509 |     30,    6,   45 |  3.84 |  4.09e-07 |   6.08e-02 |
|   3.640 |     30,    8,   17 |  3.92 |  2.13e-07 |   3.22e-02 |
|   3.642 |     30,   10,    2 |  4.70 |  2.67e-10 |   4.10e-05 |
|   3.642 |     30,   10,    3 |  4.05 |  7.29e-08 |   1.11e-02 |
|   3.516 |     30,   12,   34 |  4.86 |  5.50e-11 |   8.46e-06 |
|   2.501 |     30,   14,  148 |  8.46 |  0.00e+00 |   0.00e+00 |
|   3.545 |     30,   16,    1 |  4.24 |  1.52e-08 |   2.34e-03 |
|   3.116 |     30,   18,   76 |  4.79 |  1.09e-10 |   1.67e-05 |
|   3.255 |     30,   20,   54 |  4.18 |  2.62e-08 |   4.01e-03 |
|   2.989 |     30,   26,   75 |  4.78 |  1.15e-10 |   1.76e-05 |
|   2.951 |     30,   26,   80 |  5.30 |  6.41e-13 |   9.85e-08 |
|   2.900 |     30,   28,   82 |  3.90 |  2.53e-07 |   3.81e-02 |
|   2.810 |     30,   32,   84 |  4.05 |  7.81e-08 |   1.19e-02 |
|   2.426 |     30,   60,   10 |  3.82 |  4.73e-07 |   7.02e-02 |
|   2.425 |     30,   60,   11 |  4.92 |  3.18e-11 |   4.89e-06 |
|   2.674 |     31,    1,  129 |  3.98 |  1.34e-07 |   2.04e-02 |
|   3.164 |     31,    5,   76 |  3.93 |  1.97e-07 |   2.98e-02 |
|   3.405 |     31,   11,   38 |  5.21 |  1.65e-12 |   2.54e-07 |
|   3.410 |     31,   13,   32 |  4.45 |  2.56e-09 |   3.93e-04 |
|   3.014 |     31,   19,   78 |  3.83 |  4.17e-07 |   6.21e-02 |
|   3.038 |     31,   21,   71 |  5.45 |  1.33e-13 |   2.04e-08 |
|   2.961 |     31,   21,   81 |  4.37 |  5.13e-09 |   7.88e-04 |
|   3.027 |     31,   23,   68 |  5.28 |  7.57e-13 |   1.16e-07 |
|   2.800 |     31,   27,   90 |  4.03 |  8.56e-08 |   1.31e-02 |
|   2.860 |     31,   33,   64 |  4.08 |  5.70e-08 |   8.72e-03 |
|   2.854 |     31,   33,   65 | 15.86 |  0.00e+00 |   0.00e+00 |
|   3.249 |     32,   10,   50 |  6.83 |  0.00e+00 |   0.00e+00 |
|   3.287 |     32,   12,   40 |  5.30 |  6.00e-13 |   9.22e-08 |
|   3.060 |     32,   14,   71 |  4.12 |  4.28e-08 |   6.56e-03 |
|   2.981 |     32,   22,   67 |  4.43 |  2.87e-09 |   4.41e-04 |
|   3.125 |     32,   26,   20 |  5.94 |  4.44e-16 |   6.82e-11 |
|   3.196 |     33,   13,   38 |  4.00 |  1.10e-07 |   1.67e-02 |
|   3.132 |     33,   21,   24 |  4.23 |  1.64e-08 |   2.52e-03 |
|   3.086 |     33,   25,    8 |  4.45 |  2.62e-09 |   4.02e-04 |
|   3.206 |     34,    2,   32 |  4.56 |  9.71e-10 |   1.49e-04 |
|   3.223 |     34,   10,    8 |  4.12 |  4.36e-08 |   6.67e-03 |
|   3.182 |     34,   10,   27 |  4.14 |  3.75e-08 |   5.75e-03 |
|   3.047 |     34,   12,   53 |  4.45 |  2.60e-09 |   3.99e-04 |
|   2.955 |     34,   12,   68 |  5.43 |  1.63e-13 |   2.51e-08 |
|   3.032 |     34,   14,   52 |  5.49 |  8.30e-14 |   1.28e-08 |
|   2.852 |     34,   20,   71 |  3.90 |  2.44e-07 |   3.67e-02 |
|   2.744 |     34,   22,   84 |  4.62 |  5.17e-10 |   7.94e-05 |
|   3.029 |     34,   24,    6 |  9.82 |  0.00e+00 |   0.00e+00 |
|   2.694 |     34,   24,   88 |  3.97 |  1.46e-07 |   2.22e-02 |
|   2.872 |     36,    8,   63 |  6.41 |  0.00e+00 |   0.00e+00 |
|   2.775 |     36,   14,   73 |  4.02 |  9.71e-08 |   1.48e-02 |
|   2.729 |     36,   20,   71 |  4.65 |  4.02e-10 |   6.17e-05 |
|   2.515 |     36,   28,   93 |  4.11 |  4.66e-08 |   7.14e-03 |
|   2.789 |     37,    9,   65 |  5.93 |  5.55e-16 |   8.53e-11 |
|   2.762 |     37,   11,   68 |  5.68 |  9.33e-15 |   1.43e-09 |
|   2.486 |     38,   24,   89 |  4.30 |  9.59e-09 |   1.47e-03 |
|   2.456 |     38,   26,   91 |  4.47 |  2.05e-09 |   3.14e-04 |
|   2.553 |     39,   17,   78 |  3.93 |  1.98e-07 |   3.00e-02 |
|   2.426 |     39,   25,   90 |  3.91 |  2.29e-07 |   3.45e-02 |
|   2.392 |     39,   27,   93 |  4.23 |  1.69e-08 |   2.59e-03 |
|   2.495 |     40,   32,   32 | 14.79 |  0.00e+00 |   0.00e+00 |
|   2.493 |     40,   32,   33 | 31.89 |  0.00e+00 |   0.00e+00 |
|   2.529 |     41,   11,   68 |  4.49 |  1.73e-09 |   2.66e-04 |
|   2.426 |     43,   11,   68 |  4.76 |  1.42e-10 |   2.19e-05 |
-----------------------------------------------------------------

 p(wilson)  : 1-(1-exp[-|E|^2]) 
 p(extreme) : 1-(1-exp[-|E|^2])^(n_acentrics)
 p(wilson) is the probability that an E-value of the specified
 value would be observed if it were selected at random
 the given data set.
 p(extreme) is the probability that the largest |E| value is 
 larger or equal than the observed largest |E| value.

 Both measures can be used for outlier detection. p(extreme)
 takes into account the size of the dataset.


 Centric reflections:

-----------------------------------------------------------------
| d_space |      H     K     L |  |E|  | p(wilson) | p(extreme) |
-----------------------------------------------------------------
|   4.554 |      0,   22,   97 |  5.94 |  2.88e-09 |   2.46e-05 |
|   3.969 |      0,   34,   93 | 11.17 |  0.00e+00 |   0.00e+00 |
|   4.408 |      0,   38,   58 |  8.85 |  0.00e+00 |   0.00e+00 |
|   4.811 |      0,   40,    6 |  5.27 |  1.34e-07 |   1.14e-03 |
|   3.846 |      0,   40,   81 |  5.44 |  5.19e-08 |   4.43e-04 |
|   3.695 |      0,   42,   83 |  4.99 |  6.15e-07 |   5.24e-03 |
|   3.663 |      0,   42,   85 |  4.67 |  3.07e-06 |   2.59e-02 |
|   3.823 |      0,   44,   66 |  4.60 |  4.22e-06 |   3.54e-02 |
|   3.703 |      0,   48,   54 | 38.75 |  0.00e+00 |   0.00e+00 |
|   3.706 |      0,   52,    0 |  4.58 |  4.64e-06 |   3.89e-02 |
|   3.702 |      0,   52,    7 | 10.71 |  0.00e+00 |   0.00e+00 |
|   3.673 |      0,   52,   19 |  6.80 |  1.05e-11 |   9.02e-08 |
|   3.171 |      0,   60,   26 | 26.13 |  0.00e+00 |   0.00e+00 |
|   3.168 |      0,   60,   27 |  8.82 |  0.00e+00 |   0.00e+00 |
|   3.931 |      1,   49,    0 |  6.34 |  2.27e-10 |   1.94e-06 |
|   7.921 |      8,   20,    0 |  4.80 |  1.59e-06 |   1.35e-02 |
|   4.263 |     11,   41,    0 |  6.84 |  7.98e-12 |   6.82e-08 |
|   9.273 |     12,    0,    0 |  5.18 |  2.17e-07 |   1.85e-03 |
|   3.883 |     26,    0,   56 |  5.32 |  1.03e-07 |   8.77e-04 |
|   3.974 |     28,    0,    1 |  4.42 |  9.81e-06 |   8.05e-02 |
|   3.970 |     28,    0,    6 |  4.41 |  1.03e-05 |   8.46e-02 |
|   3.838 |     28,    0,   35 |  4.69 |  2.75e-06 |   2.32e-02 |
|   3.818 |     29,    5,    0 |  4.42 |  1.00e-05 |   8.20e-02 |
|   3.708 |     30,    0,    4 |  4.52 |  6.12e-06 |   5.10e-02 |
|   3.664 |     30,    0,   22 |  5.28 |  1.32e-07 |   1.13e-03 |
|   3.646 |     30,    0,   26 |  4.67 |  3.07e-06 |   2.59e-02 |
|   3.685 |     30,    6,    0 |  7.30 |  2.85e-13 |   2.44e-09 |
-----------------------------------------------------------------

 p(wilson)  : 1-(erf[|E|/sqrt(2)]) 
 p(extreme) : 1-(erf[|E|/sqrt(2)])^(n_acentrics)
 p(wilson) is the probability that an E-value of the specified
 value would be observed when it would selected at random from
 the given data set.
 p(extreme) is the probability that the largest |E| value is 
 larger or equal than the observed largest |E| value.

 Both measures can be used for outlier detection. p(extreme)
 takes into account the size of the dataset.

Ice ring related problems

 The following statistics were obtained from ice-ring 
 insensitive resolution ranges 
  mean bin z_score      : 13.51
      ( rms deviation   : 8.35 )
  mean bin completeness : 0.71
     ( rms deviation   : 0.31 )

 The following table shows the z-scores 
 and completeness in ice-ring sensitive areas.
 Large z-scores and high completeness in these 
 resolution ranges might be a reason to re-assess
 your data processsing if ice rings were present.

------------------------------------------------
| d_spacing | z_score | compl. | Rel. Ice int. |
------------------------------------------------
|    3.897  |  11.09  |   1.00 |     1.000     |
|    3.669  |   0.59  |   1.00 |     0.750     |
|    3.441  |  14.51  |   0.99 |     0.530     |
|    2.671  |   8.54  |   0.52 |     0.170     |
------------------------------------------------

 Abnormalities in mean intensity or completeness at
 resolution ranges with a relative ice ring intensity
 lower than 0.10 will be ignored.

 No ice ring related problems detected.
 If ice rings were present, the data does not look
 worse at ice ring related d_spacings as compared
 to the rest of the data set.




Basic analyses completed

##----------------------------------------------------##
##                   Twinning Analyses                ##
##----------------------------------------------------##



Using data between 10.00 to 3.50 Angstrom.

Determining possible twin laws.

The following twin laws have been found:

--------------------------------------------------------------------------------------------------
| Type | Axis   | R metric (%) | delta (le Page) | delta (Lebedev) | Twin law                    |
--------------------------------------------------------------------------------------------------
|  PM  | 2-fold | 0.000        | 0.000           | 0.000           | 1/2*h-1/2*k,-3/2*h-1/2*k,-l |
|  PM  | 2-fold | 0.000        | 0.000           | 0.000           | 1/2*h+1/2*k,3/2*h-1/2*k,-l  |
--------------------------------------------------------------------------------------------------
M:  Merohedral twin law
PM: Pseudomerohedral twin law

  0 merohedral twin operators found
  2 pseudo-merohedral twin operators found
In total,   2 twin operator were found


 The presence of twin laws indicates the following: 
        The symmetry of the lattice (unit cell) is higher (has more elements) 
        than the point group of the assigned space group.

 There are four likely scenarios associated with the presence of twin laws: 
    i.  The assigned space group is incorrect (too low).
   ii.  The assigned space group is correct and the data *is not* twinned.
  iii.  The assigned space group is correct and the data *is* twinned.
   iv.  The assigned space group is not correct (too low) and at the same time, the data *is* twinned.

 Xtriage tries to distinguish between these cases by inspecting the intensity statistics.
 It never hurts to carefully inspect statistics yourself and make sure that the automated 
 interpretation is correct.


The present crystal symmetry does not allow to have the its lattice symmetry expressed in the setting desired.
Becasue of this, a full coset table cannot be produced. Working with the data in the reduced cell will solve this.

Splitting data in centrics and acentrics
  Number of centrics  : 4971
  Number of acentrics : 62246

 Patterson analyses
------------------

 Largest Patterson peak with length larger than 15 Angstrom 

 Frac. coord.        :    0.156    0.000    0.000
 Distance to origin  :   17.343
 Height (origin=100) :    3.772
 p_value(height)     :    9.992e-01


   The reported p_value has the following meaning:
     The probability that a peak of the specified height
     or larger is found in a Patterson function of a
     macro molecule that does not have any translational
     pseudo symmetry is equal to  9.992e-01.
     p_values smaller than 0.05 might indicate
     weak translational pseudo symmetry, or the self vector of
     a large anomalous scatterer such as Hg, whereas values
     smaller than 1e-3 are a very strong indication for
     the presence of translational pseudo symmetry.




Systematic absences
-------------------

The following table gives information about systematic absences.

For each operator, the reflections are split in three classes:

  Absent    : Reflections that are absent for this operator.
  Non Absent: Reflection of the same type (i.e. (0,0,l)) as above, but they should be present.
  Complement: All other reflections.

For each class, the <I/sigI> is reported, as well as the number of
'violations'. A 'violation' is designated as a reflection for which a
I/sigI criterion is not met. The criteria are

  Absent violation     : I/sigI > 3.0
  Non Absent violation : I/sigI < 3.0
  Complement violation : I/sigI < 3.0

Operators with low associated violations for *both* absent and non absent
reflections, are likely to be true screw axis or glide planes. Both the
number of violations and their percentages are given.  The number of
violations within the 'complement' class, can be used as a comparison for
the number of violations in the non-absent class.


----------------------------------------------------------------------------------------------------------------------------------------------
| Operator | absent under operator  |          | not absent under operator  |              | all other reflections     |          |          |
|          |  <I/sigI> (violations) | n absent |  <I/sigI> (violations)     | n not absent |  <I/sigI> (violations)    | n compl  |  Score   |
----------------------------------------------------------------------------------------------------------------------------------------------
| 2_0 (c)  |     0.00  (0,  0.0%)   |        0 |     1.32  (96, 100.0%)     |       96     |     1.27  (67121, 100.0%) |    67121 | 2.14e+00 |
| 2_1 (c)  |     1.29  (0,  0.0%)   |       48 |     1.35  (48, 100.0%)     |       48     |     1.27  (67121, 100.0%) |    67121 | 2.32e+00 |
----------------------------------------------------------------------------------------------------------------------------------------------


Analyses of the absences table indicates a number of likely space group
candidates, which are listed below. For each space group, the number of
absent violations are listed under the '+++' column. The number of present
violations (weak reflections) are listed under '---'. The last column is a
likelihood based score for the particular space group.  Note that
enantiomorphic spacegroups will have equal scores. Also, if absences were
removed while processing the data, they will be regarded as missing
information, rather then as enforcing that absence in the space group choices.


------------------------------------------------------------------------------------
| space group | n absent | <Z>_absent | <Z/sigZ>_absent | +++ | ---  | score       |
------------------------------------------------------------------------------------
| C 2 2 2     | 0        |     0.00   |     0.00        |  0  |  96  |  0.000e+00  |
| C 2 2 21    | 48       |     3.51   |     1.29        |  0  |  48  |  1.843e-01  |
------------------------------------------------------------------------------------




Wilson ratio and moments 

Acentric reflections 
   <I^2>/<I>^2    :1.795   (untwinned: 2.000; perfect twin 1.500)
   <F>^2/<F^2>    :0.882   (untwinned: 0.785; perfect twin 0.885)
   <|E^2 - 1|>    :0.532   (untwinned: 0.736; perfect twin 0.541)


Centric reflections 
   <I^2>/<I>^2    :2.113   (untwinned: 3.000; perfect twin 2.000)
   <F>^2/<F^2>    :0.840   (untwinned: 0.637; perfect twin 0.785)
   <|E^2 - 1|>    :1.124   (untwinned: 0.968; perfect twin 0.736)



NZ test (0<=z<1) to detect twinning and possible translational NCS


-----------------------------------------------
|  Z  | Nac_obs | Nac_theo | Nc_obs | Nc_theo |
-----------------------------------------------
| 0.0 |   0.000 |    0.000 |  0.000 |   0.000 |
| 0.1 |   0.001 |    0.095 |  0.000 |   0.248 |
| 0.2 |   0.023 |    0.181 |  0.003 |   0.345 |
| 0.3 |   0.086 |    0.259 |  0.020 |   0.419 |
| 0.4 |   0.181 |    0.330 |  0.050 |   0.474 |
| 0.5 |   0.289 |    0.394 |  0.094 |   0.520 |
| 0.6 |   0.389 |    0.451 |  0.147 |   0.561 |
| 0.7 |   0.481 |    0.503 |  0.200 |   0.597 |
| 0.8 |   0.560 |    0.551 |  0.262 |   0.629 |
| 0.9 |   0.629 |    0.593 |  0.317 |   0.657 |
| 1.0 |   0.687 |    0.632 |  0.368 |   0.683 |
-----------------------------------------------
| Maximum deviation acentric      :  0.173    |
| Maximum deviation centric       :  0.426    |
|                                             |
| <NZ(obs)-NZ(twinned)>_acentric  : -0.060    |
| <NZ(obs)-NZ(twinned)>_centric   : -0.334    |
-----------------------------------------------


 L test for acentric data

 using difference vectors (dh,dk,dl) of the form: 
(2hp,2kp,2lp)
  where hp, kp, and lp are random signed integers such that 
  2 <= |dh| + |dk| + |dl| <= 8 

  Mean |L|   :0.305  (untwinned: 0.500; perfect twin: 0.375)
  Mean  L^2  :0.137  (untwinned: 0.333; perfect twin: 0.200)

  The distribution of |L| values indicates a twin fraction of
  0.00. Note that this estimate is not as reliable as obtained
  via a Britton plot or H-test if twin laws are available. 



---------------------------------------------
 Analysing possible twin law :  1/2*h-1/2*k,-3/2*h-1/2*k,-l
---------------------------------------------


Results of the H-test on acentric data: 

 (Only 50.0% of the strongest twin pairs were used)

mean |H| : 0.381   (0.50: untwinned; 0.0: 50% twinned)
mean H^2 : 0.204   (0.33: untwinned; 0.0: 50% twinned)
Estimation of twin fraction via mean |H|: 0.119
Estimation of twin fraction via cum. dist. of H: 0.099



Britton analyses

  Extrapolation performed on  0.18 < alpha < 0.495 
  Estimated twin fraction: 0.158
  Correlation: 0.9955

R vs R statistic:
  R_abs_twin = <|I1-I2|>/<|I1+I2|>
  Lebedev, Vagin, Murshudov. Acta Cryst. (2006). D62, 83-95

   R_abs_twin observed data   : 0.408

  R_sq_twin = <(I1-I2)^2>/<(I1+I2)^2>
   R_sq_twin observed data    : 0.361
  No calculated data available.
  R_twin for calculated data not determined.


Maximum Likelihood twin fraction determination
    Zwart, Read, Grosse-Kunstleve & Adams, to be published.


   The estimated twin fraction is equal to 0.022


---------------------------------------------
 Analysing possible twin law :  1/2*h+1/2*k,3/2*h-1/2*k,-l
---------------------------------------------


Results of the H-test on acentric data: 

 (Only 50.0% of the strongest twin pairs were used)

mean |H| : 0.361   (0.50: untwinned; 0.0: 50% twinned)
mean H^2 : 0.189   (0.33: untwinned; 0.0: 50% twinned)
Estimation of twin fraction via mean |H|: 0.139
Estimation of twin fraction via cum. dist. of H: 0.118



Britton analyses

  Extrapolation performed on  0.20 < alpha < 0.495 
  Estimated twin fraction: 0.176
  Correlation: 0.9951

R vs R statistic:
  R_abs_twin = <|I1-I2|>/<|I1+I2|>
  Lebedev, Vagin, Murshudov. Acta Cryst. (2006). D62, 83-95

   R_abs_twin observed data   : 0.395

  R_sq_twin = <(I1-I2)^2>/<(I1+I2)^2>
   R_sq_twin observed data    : 0.365
  No calculated data available.
  R_twin for calculated data not determined.


Maximum Likelihood twin fraction determination
    Zwart, Read, Grosse-Kunstleve & Adams, to be published.


   The estimated twin fraction is equal to 0.022



Exploring higher metric symmetry

The point group of data as dictated by the space group is C 2 2 2
The point group in the niggli setting is C 2 2 2 (x-y,x+y,z)
The point group of the lattice is P 6 2 2
A summary of R values for various possible point groups follow.

------------------------------------------------------------------------------------------------------
| Point group         | mean R_used | max R_used | mean R_unused | min R_unused | BIC       | choice |
------------------------------------------------------------------------------------------------------
| P 6 2 2             | 0.402       | 0.408      | None          | None         | 1.383e+05 | <---   |
| C 2 2 2 (x-y,x+y,z) | None        | None       | 0.402         | 0.395        | 3.736e+05 |        |
------------------------------------------------------------------------------------------------------

R_used: mean and maximum R value for symmetry operators *used* in this point group
R_unused: mean and minimum R value for symmetry operators *not used* in this point group
An automated point group suggestion is made on the basis of the BIC (Bayesian information criterion).


The likely point group of the data is: P 6 2 2

Possible space groups in this point group are:
   Unit cell: (111.277, 111.277, 517.063, 90, 90, 120)
   Space group: P 6 2 2 (No. 177)

   Unit cell: (111.277, 111.277, 517.063, 90, 90, 120)
   Space group: P 61 2 2 (No. 178)

   Unit cell: (111.277, 111.277, 517.063, 90, 90, 120)
   Space group: P 65 2 2 (No. 179)

   Unit cell: (111.277, 111.277, 517.063, 90, 90, 120)
   Space group: P 62 2 2 (No. 180)

   Unit cell: (111.277, 111.277, 517.063, 90, 90, 120)
   Space group: P 64 2 2 (No. 181)

   Unit cell: (111.277, 111.277, 517.063, 90, 90, 120)
   Space group: P 63 2 2 (No. 182)


Note that this analysis does not take into account the effects of twinning.
If the data are (almost) perfectly twinned, the symmetry will appear to be
higher than it actually is.



-------------------------------------------
Merging in *suggested* point group P 6 2 2 
-------------------------------------------

R-linear = sum(abs(data - mean(data))) / sum(abs(data))
R-square = sum((data - mean(data))**2) / sum(data**2)
In these sums single measurements are excluded.
                           Redundancy       Mean      Mean
                         Min  Max   Mean  R-linear  R-square
unused:        - 9.9988
bin  1: 9.9988 - 6.7631    1    3  2.700    0.3446    0.1886
bin  2: 6.7631 - 5.6773    1    3  2.768    0.3669    0.2126
bin  3: 5.6773 - 5.0647    1    3  2.792    0.3481    0.1897
bin  4: 5.0647 - 4.6526    1    3  2.810    0.3410    0.1801
bin  5: 4.6526 - 4.3485    1    3  2.820    0.3960    0.2462
bin  6: 4.3485 - 4.1109    1    3  2.829    0.4073    0.2590
bin  7: 4.1109 - 3.9180    1    3  2.839    0.3940    0.2445
bin  8: 3.9180 - 3.7569    1    3  2.844    0.4564    0.3181
bin  9: 3.7569 - 3.6194    1    3  2.826    0.4797    0.3513
bin 10: 3.6194 - 3.5000    1    3  2.848    0.4817    0.3504
unused: 3.5000 -

Suggesting various space group choices on the basis of systematic absence analyses


Analyses of the absences table indicates a number of likely space group
candidates, which are listed below. For each space group, the number of
absent violations are listed under the '+++' column. The number of present
violations (weak reflections) are listed under '---'. The last column is a
likelihood based score for the particular space group.  Note that
enantiomorphic spacegroups will have equal scores. Also, if absences were
removed while processing the data, they will be regarded as missing
information, rather then as enforcing that absence in the space group choices.


------------------------------------------------------------------------------------
| space group | n absent | <Z>_absent | <Z/sigZ>_absent | +++ | ---  | score       |
------------------------------------------------------------------------------------
| P 6 2 2     | 0        |     0.00   |     0.00        |  0  |  96  |  0.000e+00  |
| P 63 2 2    | 48       |     4.88   |     1.29        |  0  |  48  |  1.916e-01  |
| P 62 2 2    | 64       |     4.96   |     1.28        |  0  |  32  |  2.459e-01  |
| P 64 2 2    | 64       |     4.96   |     1.28        |  0  |  32  |  2.459e-01  |
| P 61 2 2    | 80       |     5.22   |     1.31        |  0  |  16  |  3.180e-01  |
| P 65 2 2    | 80       |     5.22   |     1.31        |  0  |  16  |  3.180e-01  |
------------------------------------------------------------------------------------






-------------------------------------------------------------------------------
Twinning and intensity statistics summary (acentric data):

Statistics independent of twin laws
  <I^2>/<I>^2 : 1.795
  <F>^2/<F^2> : 0.882
  <|E^2-1|>   : 0.532
  <|L|>, <L^2>: 0.305, 0.137
  Multivariate Z score L-test: 24.598

 The multivariate Z score is a quality measure of the given
 spread in intensities. Good to reasonable data are expected
 to have a Z score lower than 3.5.
 Large values can indicate twinning, but small values do not
 necessarily exclude it.



Statistics depending on twin laws
------------------------------------------------------------------------------------
| Operator                    | type | R obs. | Britton alpha | H alpha | ML alpha |
------------------------------------------------------------------------------------
| 1/2*h-1/2*k,-3/2*h-1/2*k,-l |  PM  | 0.408  | 0.158         | 0.099   | 0.022    |
| 1/2*h+1/2*k,3/2*h-1/2*k,-l  |  PM  | 0.395  | 0.176         | 0.118   | 0.022    |
------------------------------------------------------------------------------------

Patterson analyses
  - Largest peak height   : 3.772
   (corresponding p value : 0.99916)


The largest off-origin peak in the Patterson function is 3.77% of the 
height of the origin peak. No significant pseudotranslation is detected.

The results of the L-test indicate that the intensity statistics
are significantly different than is expected from good to reasonable,
untwinned data.
As there are twin laws possible given the crystal symmetry, twinning could
be the reason for the departure of the intensity statistics from normality.
It might be worthwhile carrying out refinement with a twin specific target function.

Note that the symmetry of the intensities suggest that the assumed space group
is too low. As twinning is however suspected, it is not immediuatly clear if this
is the case. Carefull reprocessing and (twin)refinement for all cases might resolve
this question.

-------------------------------------------------------------------------------
